语法

    0 $accept: Program $end

    1 Program: ExtDefList

    2 ExtDefList: ExtDef ExtDefList
    3           | /* 空 */

    4 ExtDef: Specifier ExtDecList SEMI
    5       | Specifier SEMI
    6       | Specifier FunDec CompSt
    7       | Specifier FunDec SEMI
    8       | error SEMI

    9 ExtDecList: VarDec
   10           | VarDec COMMA ExtDecList

   11 Specifier: TYPE
   12          | StructSpecifier

   13 StructSpecifier: STRUCT OptTag LC DefList RC
   14                | STRUCT Tag

   15 OptTag: ID
   16       | /* 空 */

   17 Tag: ID

   18 VarDec: ID
   19       | VarDec LB INT RB

   20 FunDec: ID LP VarList RP
   21       | ID LP RP
   22       | error RP

   23 VarList: ParamDec COMMA VarList
   24        | ParamDec

   25 ParamDec: Specifier VarDec

   26 CompSt: LC DefList StmtList RC
   27       | error RC

   28 StmtList: Stmt StmtList
   29         | /* 空 */

   30 Stmt: Exp SEMI
   31     | CompSt
   32     | RETURN Exp SEMI
   33     | IF LP Exp RP Stmt
   34     | IF LP Exp RP Stmt ELSE Stmt
   35     | WHILE LP Exp RP Stmt
   36     | error SEMI

   37 DefList: Def DefList
   38        | /* 空 */

   39 Def: Specifier DecList SEMI
   40    | Specifier error SEMI

   41 DecList: Dec
   42        | Dec COMMA DecList

   43 Dec: VarDec
   44    | VarDec ASSIGNOP Exp

   45 Exp: Exp ASSIGNOP Exp
   46    | Exp AND Exp
   47    | Exp OR Exp
   48    | Exp RELOP Exp
   49    | Exp PLUS Exp
   50    | Exp MINUS Exp
   51    | Exp STAR Exp
   52    | Exp DIV Exp
   53    | LP Exp RP
   54    | MINUS Exp
   55    | NOT Exp
   56    | ID LP Args RP
   57    | ID LP RP
   58    | Exp LB Exp RB
   59    | Exp DOT ID
   60    | ID
   61    | INT
   62    | FLOAT
   63    | LP error RP
   64    | Exp LB error RB

   65 Args: Exp COMMA Args
   66     | Exp


Terminals, with rules where they appear

$end (0) 0
error (256) 8 22 27 36 40 63 64
INT (258) 19 61
FLOAT (259) 62
ID (260) 15 17 18 20 21 56 57 59 60
SEMI (261) 4 5 7 8 30 32 36 39 40
COMMA (262) 10 23 42 65
ASSIGNOP (263) 44 45
RELOP (264) 48
PLUS (265) 49
MINUS (266) 50 54
STAR (267) 51
DIV (268) 52
AND (269) 46
OR (270) 47
NOT (271) 55
DOT (272) 59
TYPE (273) 11
LP (274) 20 21 33 34 35 53 56 57 63
RP (275) 20 21 22 33 34 35 53 56 57 63
LB (276) 19 58 64
RB (277) 19 58 64
LC (278) 13 26
RC (279) 13 26 27
STRUCT (280) 13 14
RETURN (281) 32
IF (282) 33 34
ELSE (283) 34
WHILE (284) 35
UNARY_MINUS (285)
LOWER_THAN_ELSE (286)
LOWER_THAN_error (287)


Nonterminals, with rules where they appear

$accept (33)
    左： 0
Program (34)
    左： 1, 右： 0
ExtDefList (35)
    左： 2 3, 右： 1 2
ExtDef (36)
    左： 4 5 6 7 8, 右： 2
ExtDecList (37)
    左： 9 10, 右： 4 10
Specifier (38)
    左： 11 12, 右： 4 5 6 7 25 39 40
StructSpecifier (39)
    左： 13 14, 右： 12
OptTag (40)
    左： 15 16, 右： 13
Tag (41)
    左： 17, 右： 14
VarDec (42)
    左： 18 19, 右： 9 10 19 25 43 44
FunDec (43)
    左： 20 21 22, 右： 6 7
VarList (44)
    左： 23 24, 右： 20 23
ParamDec (45)
    左： 25, 右： 23 24
CompSt (46)
    左： 26 27, 右： 6 31
StmtList (47)
    左： 28 29, 右： 26 28
Stmt (48)
    左： 30 31 32 33 34 35 36, 右： 28 33 34 35
DefList (49)
    左： 37 38, 右： 13 26 37
Def (50)
    左： 39 40, 右： 37
DecList (51)
    左： 41 42, 右： 39 42
Dec (52)
    左： 43 44, 右： 41 42
Exp (53)
    左： 45 46 47 48 49 50 51 52 53 54 55 56 57 58 59 60 61 62 63
    64, 右： 30 32 33 34 35 44 45 46 47 48 49 50 51 52 53 54 55 58
    59 64 65 66
Args (54)
    左： 65 66, 右： 56 65


状态 0

    0 $accept: . Program $end

    error   shift, and go to state 1
    TYPE    shift, and go to state 2
    STRUCT  shift, and go to state 3

    $end  reduce using rule 3 (ExtDefList)

    Program          转到状态4
    ExtDefList       转到状态5
    ExtDef           转到状态6
    Specifier        转到状态7
    StructSpecifier  转到状态8


状态 1

    8 ExtDef: error . SEMI

    SEMI  shift, and go to state 9


状态 2

   11 Specifier: TYPE .

    $default  reduce using rule 11 (Specifier)


状态 3

   13 StructSpecifier: STRUCT . OptTag LC DefList RC
   14                | STRUCT . Tag

    ID  shift, and go to state 10

    $default  reduce using rule 16 (OptTag)

    OptTag  转到状态11
    Tag     转到状态12


状态 4

    0 $accept: Program . $end

    $end  shift, and go to state 13


状态 5

    1 Program: ExtDefList .

    $default  reduce using rule 1 (Program)


状态 6

    2 ExtDefList: ExtDef . ExtDefList

    error   shift, and go to state 1
    TYPE    shift, and go to state 2
    STRUCT  shift, and go to state 3

    $end  reduce using rule 3 (ExtDefList)

    ExtDefList       转到状态14
    ExtDef           转到状态6
    Specifier        转到状态7
    StructSpecifier  转到状态8


状态 7

    4 ExtDef: Specifier . ExtDecList SEMI
    5       | Specifier . SEMI
    6       | Specifier . FunDec CompSt
    7       | Specifier . FunDec SEMI

    error  shift, and go to state 15
    ID     shift, and go to state 16
    SEMI   shift, and go to state 17

    ExtDecList  转到状态18
    VarDec      转到状态19
    FunDec      转到状态20


状态 8

   12 Specifier: StructSpecifier .

    $default  reduce using rule 12 (Specifier)


状态 9

    8 ExtDef: error SEMI .

    $default  reduce using rule 8 (ExtDef)


状态 10

   15 OptTag: ID .
   17 Tag: ID .

    LC        reduce using rule 15 (OptTag)
    $default  reduce using rule 17 (Tag)


状态 11

   13 StructSpecifier: STRUCT OptTag . LC DefList RC

    LC  shift, and go to state 21


状态 12

   14 StructSpecifier: STRUCT Tag .

    $default  reduce using rule 14 (StructSpecifier)


状态 13

    0 $accept: Program $end .

    $default  接受


状态 14

    2 ExtDefList: ExtDef ExtDefList .

    $default  reduce using rule 2 (ExtDefList)


状态 15

   22 FunDec: error . RP

    RP  shift, and go to state 22


状态 16

   18 VarDec: ID .
   20 FunDec: ID . LP VarList RP
   21       | ID . LP RP

    LP  shift, and go to state 23

    $default  reduce using rule 18 (VarDec)


状态 17

    5 ExtDef: Specifier SEMI .

    $default  reduce using rule 5 (ExtDef)


状态 18

    4 ExtDef: Specifier ExtDecList . SEMI

    SEMI  shift, and go to state 24


状态 19

    9 ExtDecList: VarDec .
   10           | VarDec . COMMA ExtDecList
   19 VarDec: VarDec . LB INT RB

    COMMA  shift, and go to state 25
    LB     shift, and go to state 26

    $default  reduce using rule 9 (ExtDecList)


状态 20

    6 ExtDef: Specifier FunDec . CompSt
    7       | Specifier FunDec . SEMI

    error  shift, and go to state 27
    SEMI   shift, and go to state 28
    LC     shift, and go to state 29

    CompSt  转到状态30


状态 21

   13 StructSpecifier: STRUCT OptTag LC . DefList RC

    TYPE    shift, and go to state 2
    STRUCT  shift, and go to state 3

    $default  reduce using rule 38 (DefList)

    Specifier        转到状态31
    StructSpecifier  转到状态8
    DefList          转到状态32
    Def              转到状态33


状态 22

   22 FunDec: error RP .

    $default  reduce using rule 22 (FunDec)


状态 23

   20 FunDec: ID LP . VarList RP
   21       | ID LP . RP

    TYPE    shift, and go to state 2
    RP      shift, and go to state 34
    STRUCT  shift, and go to state 3

    Specifier        转到状态35
    StructSpecifier  转到状态8
    VarList          转到状态36
    ParamDec         转到状态37


状态 24

    4 ExtDef: Specifier ExtDecList SEMI .

    $default  reduce using rule 4 (ExtDef)


状态 25

   10 ExtDecList: VarDec COMMA . ExtDecList

    ID  shift, and go to state 38

    ExtDecList  转到状态39
    VarDec      转到状态19


状态 26

   19 VarDec: VarDec LB . INT RB

    INT  shift, and go to state 40


状态 27

   27 CompSt: error . RC

    RC  shift, and go to state 41


状态 28

    7 ExtDef: Specifier FunDec SEMI .

    $default  reduce using rule 7 (ExtDef)


状态 29

   26 CompSt: LC . DefList StmtList RC

    TYPE    shift, and go to state 2
    STRUCT  shift, and go to state 3

    $default  reduce using rule 38 (DefList)

    Specifier        转到状态31
    StructSpecifier  转到状态8
    DefList          转到状态42
    Def              转到状态33


状态 30

    6 ExtDef: Specifier FunDec CompSt .

    $default  reduce using rule 6 (ExtDef)


状态 31

   39 Def: Specifier . DecList SEMI
   40    | Specifier . error SEMI

    error  shift, and go to state 43
    ID     shift, and go to state 38

    VarDec   转到状态44
    DecList  转到状态45
    Dec      转到状态46


状态 32

   13 StructSpecifier: STRUCT OptTag LC DefList . RC

    RC  shift, and go to state 47


状态 33

   37 DefList: Def . DefList

    TYPE    shift, and go to state 2
    STRUCT  shift, and go to state 3

    $default  reduce using rule 38 (DefList)

    Specifier        转到状态31
    StructSpecifier  转到状态8
    DefList          转到状态48
    Def              转到状态33


状态 34

   21 FunDec: ID LP RP .

    $default  reduce using rule 21 (FunDec)


状态 35

   25 ParamDec: Specifier . VarDec

    ID  shift, and go to state 38

    VarDec  转到状态49


状态 36

   20 FunDec: ID LP VarList . RP

    RP  shift, and go to state 50


状态 37

   23 VarList: ParamDec . COMMA VarList
   24        | ParamDec .

    COMMA  shift, and go to state 51

    $default  reduce using rule 24 (VarList)


状态 38

   18 VarDec: ID .

    $default  reduce using rule 18 (VarDec)


状态 39

   10 ExtDecList: VarDec COMMA ExtDecList .

    $default  reduce using rule 10 (ExtDecList)


状态 40

   19 VarDec: VarDec LB INT . RB

    RB  shift, and go to state 52


状态 41

   27 CompSt: error RC .

    $default  reduce using rule 27 (CompSt)


状态 42

   26 CompSt: LC DefList . StmtList RC

    error   shift, and go to state 53
    INT     shift, and go to state 54
    FLOAT   shift, and go to state 55
    ID      shift, and go to state 56
    MINUS   shift, and go to state 57
    NOT     shift, and go to state 58
    LP      shift, and go to state 59
    LC      shift, and go to state 29
    RETURN  shift, and go to state 60
    IF      shift, and go to state 61
    WHILE   shift, and go to state 62

    RC  reduce using rule 29 (StmtList)

    CompSt    转到状态63
    StmtList  转到状态64
    Stmt      转到状态65
    Exp       转到状态66


状态 43

   40 Def: Specifier error . SEMI

    SEMI  shift, and go to state 67


状态 44

   19 VarDec: VarDec . LB INT RB
   43 Dec: VarDec .
   44    | VarDec . ASSIGNOP Exp

    ASSIGNOP  shift, and go to state 68
    LB        shift, and go to state 26

    $default  reduce using rule 43 (Dec)


状态 45

   39 Def: Specifier DecList . SEMI

    SEMI  shift, and go to state 69


状态 46

   41 DecList: Dec .
   42        | Dec . COMMA DecList

    COMMA  shift, and go to state 70

    $default  reduce using rule 41 (DecList)


状态 47

   13 StructSpecifier: STRUCT OptTag LC DefList RC .

    $default  reduce using rule 13 (StructSpecifier)


状态 48

   37 DefList: Def DefList .

    $default  reduce using rule 37 (DefList)


状态 49

   19 VarDec: VarDec . LB INT RB
   25 ParamDec: Specifier VarDec .

    LB  shift, and go to state 26

    $default  reduce using rule 25 (ParamDec)


状态 50

   20 FunDec: ID LP VarList RP .

    $default  reduce using rule 20 (FunDec)


状态 51

   23 VarList: ParamDec COMMA . VarList

    TYPE    shift, and go to state 2
    STRUCT  shift, and go to state 3

    Specifier        转到状态35
    StructSpecifier  转到状态8
    VarList          转到状态71
    ParamDec         转到状态37


状态 52

   19 VarDec: VarDec LB INT RB .

    $default  reduce using rule 19 (VarDec)


状态 53

   27 CompSt: error . RC
   36 Stmt: error . SEMI

    SEMI  shift, and go to state 72
    RC    shift, and go to state 41


状态 54

   61 Exp: INT .

    $default  reduce using rule 61 (Exp)


状态 55

   62 Exp: FLOAT .

    $default  reduce using rule 62 (Exp)


状态 56

   56 Exp: ID . LP Args RP
   57    | ID . LP RP
   60    | ID .

    LP  shift, and go to state 73

    $default  reduce using rule 60 (Exp)


状态 57

   54 Exp: MINUS . Exp

    INT    shift, and go to state 54
    FLOAT  shift, and go to state 55
    ID     shift, and go to state 56
    MINUS  shift, and go to state 57
    NOT    shift, and go to state 58
    LP     shift, and go to state 59

    Exp  转到状态74


状态 58

   55 Exp: NOT . Exp

    INT    shift, and go to state 54
    FLOAT  shift, and go to state 55
    ID     shift, and go to state 56
    MINUS  shift, and go to state 57
    NOT    shift, and go to state 58
    LP     shift, and go to state 59

    Exp  转到状态75


状态 59

   53 Exp: LP . Exp RP
   63    | LP . error RP

    error  shift, and go to state 76
    INT    shift, and go to state 54
    FLOAT  shift, and go to state 55
    ID     shift, and go to state 56
    MINUS  shift, and go to state 57
    NOT    shift, and go to state 58
    LP     shift, and go to state 59

    Exp  转到状态77


状态 60

   32 Stmt: RETURN . Exp SEMI

    INT    shift, and go to state 54
    FLOAT  shift, and go to state 55
    ID     shift, and go to state 56
    MINUS  shift, and go to state 57
    NOT    shift, and go to state 58
    LP     shift, and go to state 59

    Exp  转到状态78


状态 61

   33 Stmt: IF . LP Exp RP Stmt
   34     | IF . LP Exp RP Stmt ELSE Stmt

    LP  shift, and go to state 79


状态 62

   35 Stmt: WHILE . LP Exp RP Stmt

    LP  shift, and go to state 80


状态 63

   31 Stmt: CompSt .

    $default  reduce using rule 31 (Stmt)


状态 64

   26 CompSt: LC DefList StmtList . RC

    RC  shift, and go to state 81


状态 65

   28 StmtList: Stmt . StmtList

    error   shift, and go to state 53
    INT     shift, and go to state 54
    FLOAT   shift, and go to state 55
    ID      shift, and go to state 56
    MINUS   shift, and go to state 57
    NOT     shift, and go to state 58
    LP      shift, and go to state 59
    LC      shift, and go to state 29
    RETURN  shift, and go to state 60
    IF      shift, and go to state 61
    WHILE   shift, and go to state 62

    RC  reduce using rule 29 (StmtList)

    CompSt    转到状态63
    StmtList  转到状态82
    Stmt      转到状态65
    Exp       转到状态66


状态 66

   30 Stmt: Exp . SEMI
   45 Exp: Exp . ASSIGNOP Exp
   46    | Exp . AND Exp
   47    | Exp . OR Exp
   48    | Exp . RELOP Exp
   49    | Exp . PLUS Exp
   50    | Exp . MINUS Exp
   51    | Exp . STAR Exp
   52    | Exp . DIV Exp
   58    | Exp . LB Exp RB
   59    | Exp . DOT ID
   64    | Exp . LB error RB

    SEMI      shift, and go to state 83
    ASSIGNOP  shift, and go to state 84
    RELOP     shift, and go to state 85
    PLUS      shift, and go to state 86
    MINUS     shift, and go to state 87
    STAR      shift, and go to state 88
    DIV       shift, and go to state 89
    AND       shift, and go to state 90
    OR        shift, and go to state 91
    DOT       shift, and go to state 92
    LB        shift, and go to state 93


状态 67

   40 Def: Specifier error SEMI .

    $default  reduce using rule 40 (Def)


状态 68

   44 Dec: VarDec ASSIGNOP . Exp

    INT    shift, and go to state 54
    FLOAT  shift, and go to state 55
    ID     shift, and go to state 56
    MINUS  shift, and go to state 57
    NOT    shift, and go to state 58
    LP     shift, and go to state 59

    Exp  转到状态94


状态 69

   39 Def: Specifier DecList SEMI .

    $default  reduce using rule 39 (Def)


状态 70

   42 DecList: Dec COMMA . DecList

    ID  shift, and go to state 38

    VarDec   转到状态44
    DecList  转到状态95
    Dec      转到状态46


状态 71

   23 VarList: ParamDec COMMA VarList .

    $default  reduce using rule 23 (VarList)


状态 72

   36 Stmt: error SEMI .

    $default  reduce using rule 36 (Stmt)


状态 73

   56 Exp: ID LP . Args RP
   57    | ID LP . RP

    INT    shift, and go to state 54
    FLOAT  shift, and go to state 55
    ID     shift, and go to state 56
    MINUS  shift, and go to state 57
    NOT    shift, and go to state 58
    LP     shift, and go to state 59
    RP     shift, and go to state 96

    Exp   转到状态97
    Args  转到状态98


状态 74

   45 Exp: Exp . ASSIGNOP Exp
   46    | Exp . AND Exp
   47    | Exp . OR Exp
   48    | Exp . RELOP Exp
   49    | Exp . PLUS Exp
   50    | Exp . MINUS Exp
   51    | Exp . STAR Exp
   52    | Exp . DIV Exp
   54    | MINUS Exp .
   58    | Exp . LB Exp RB
   59    | Exp . DOT ID
   64    | Exp . LB error RB

    DOT  shift, and go to state 92
    LB   shift, and go to state 93

    $default  reduce using rule 54 (Exp)


状态 75

   45 Exp: Exp . ASSIGNOP Exp
   46    | Exp . AND Exp
   47    | Exp . OR Exp
   48    | Exp . RELOP Exp
   49    | Exp . PLUS Exp
   50    | Exp . MINUS Exp
   51    | Exp . STAR Exp
   52    | Exp . DIV Exp
   55    | NOT Exp .
   58    | Exp . LB Exp RB
   59    | Exp . DOT ID
   64    | Exp . LB error RB

    DOT  shift, and go to state 92
    LB   shift, and go to state 93

    $default  reduce using rule 55 (Exp)


状态 76

   63 Exp: LP error . RP

    RP  shift, and go to state 99


状态 77

   45 Exp: Exp . ASSIGNOP Exp
   46    | Exp . AND Exp
   47    | Exp . OR Exp
   48    | Exp . RELOP Exp
   49    | Exp . PLUS Exp
   50    | Exp . MINUS Exp
   51    | Exp . STAR Exp
   52    | Exp . DIV Exp
   53    | LP Exp . RP
   58    | Exp . LB Exp RB
   59    | Exp . DOT ID
   64    | Exp . LB error RB

    ASSIGNOP  shift, and go to state 84
    RELOP     shift, and go to state 85
    PLUS      shift, and go to state 86
    MINUS     shift, and go to state 87
    STAR      shift, and go to state 88
    DIV       shift, and go to state 89
    AND       shift, and go to state 90
    OR        shift, and go to state 91
    DOT       shift, and go to state 92
    RP        shift, and go to state 100
    LB        shift, and go to state 93


状态 78

   32 Stmt: RETURN Exp . SEMI
   45 Exp: Exp . ASSIGNOP Exp
   46    | Exp . AND Exp
   47    | Exp . OR Exp
   48    | Exp . RELOP Exp
   49    | Exp . PLUS Exp
   50    | Exp . MINUS Exp
   51    | Exp . STAR Exp
   52    | Exp . DIV Exp
   58    | Exp . LB Exp RB
   59    | Exp . DOT ID
   64    | Exp . LB error RB

    SEMI      shift, and go to state 101
    ASSIGNOP  shift, and go to state 84
    RELOP     shift, and go to state 85
    PLUS      shift, and go to state 86
    MINUS     shift, and go to state 87
    STAR      shift, and go to state 88
    DIV       shift, and go to state 89
    AND       shift, and go to state 90
    OR        shift, and go to state 91
    DOT       shift, and go to state 92
    LB        shift, and go to state 93


状态 79

   33 Stmt: IF LP . Exp RP Stmt
   34     | IF LP . Exp RP Stmt ELSE Stmt

    INT    shift, and go to state 54
    FLOAT  shift, and go to state 55
    ID     shift, and go to state 56
    MINUS  shift, and go to state 57
    NOT    shift, and go to state 58
    LP     shift, and go to state 59

    Exp  转到状态102


状态 80

   35 Stmt: WHILE LP . Exp RP Stmt

    INT    shift, and go to state 54
    FLOAT  shift, and go to state 55
    ID     shift, and go to state 56
    MINUS  shift, and go to state 57
    NOT    shift, and go to state 58
    LP     shift, and go to state 59

    Exp  转到状态103


状态 81

   26 CompSt: LC DefList StmtList RC .

    $default  reduce using rule 26 (CompSt)


状态 82

   28 StmtList: Stmt StmtList .

    $default  reduce using rule 28 (StmtList)


状态 83

   30 Stmt: Exp SEMI .

    $default  reduce using rule 30 (Stmt)


状态 84

   45 Exp: Exp ASSIGNOP . Exp

    INT    shift, and go to state 54
    FLOAT  shift, and go to state 55
    ID     shift, and go to state 56
    MINUS  shift, and go to state 57
    NOT    shift, and go to state 58
    LP     shift, and go to state 59

    Exp  转到状态104


状态 85

   48 Exp: Exp RELOP . Exp

    INT    shift, and go to state 54
    FLOAT  shift, and go to state 55
    ID     shift, and go to state 56
    MINUS  shift, and go to state 57
    NOT    shift, and go to state 58
    LP     shift, and go to state 59

    Exp  转到状态105


状态 86

   49 Exp: Exp PLUS . Exp

    INT    shift, and go to state 54
    FLOAT  shift, and go to state 55
    ID     shift, and go to state 56
    MINUS  shift, and go to state 57
    NOT    shift, and go to state 58
    LP     shift, and go to state 59

    Exp  转到状态106


状态 87

   50 Exp: Exp MINUS . Exp

    INT    shift, and go to state 54
    FLOAT  shift, and go to state 55
    ID     shift, and go to state 56
    MINUS  shift, and go to state 57
    NOT    shift, and go to state 58
    LP     shift, and go to state 59

    Exp  转到状态107


状态 88

   51 Exp: Exp STAR . Exp

    INT    shift, and go to state 54
    FLOAT  shift, and go to state 55
    ID     shift, and go to state 56
    MINUS  shift, and go to state 57
    NOT    shift, and go to state 58
    LP     shift, and go to state 59

    Exp  转到状态108


状态 89

   52 Exp: Exp DIV . Exp

    INT    shift, and go to state 54
    FLOAT  shift, and go to state 55
    ID     shift, and go to state 56
    MINUS  shift, and go to state 57
    NOT    shift, and go to state 58
    LP     shift, and go to state 59

    Exp  转到状态109


状态 90

   46 Exp: Exp AND . Exp

    INT    shift, and go to state 54
    FLOAT  shift, and go to state 55
    ID     shift, and go to state 56
    MINUS  shift, and go to state 57
    NOT    shift, and go to state 58
    LP     shift, and go to state 59

    Exp  转到状态110


状态 91

   47 Exp: Exp OR . Exp

    INT    shift, and go to state 54
    FLOAT  shift, and go to state 55
    ID     shift, and go to state 56
    MINUS  shift, and go to state 57
    NOT    shift, and go to state 58
    LP     shift, and go to state 59

    Exp  转到状态111


状态 92

   59 Exp: Exp DOT . ID

    ID  shift, and go to state 112


状态 93

   58 Exp: Exp LB . Exp RB
   64    | Exp LB . error RB

    error  shift, and go to state 113
    INT    shift, and go to state 54
    FLOAT  shift, and go to state 55
    ID     shift, and go to state 56
    MINUS  shift, and go to state 57
    NOT    shift, and go to state 58
    LP     shift, and go to state 59

    Exp  转到状态114


状态 94

   44 Dec: VarDec ASSIGNOP Exp .
   45 Exp: Exp . ASSIGNOP Exp
   46    | Exp . AND Exp
   47    | Exp . OR Exp
   48    | Exp . RELOP Exp
   49    | Exp . PLUS Exp
   50    | Exp . MINUS Exp
   51    | Exp . STAR Exp
   52    | Exp . DIV Exp
   58    | Exp . LB Exp RB
   59    | Exp . DOT ID
   64    | Exp . LB error RB

    ASSIGNOP  shift, and go to state 84
    RELOP     shift, and go to state 85
    PLUS      shift, and go to state 86
    MINUS     shift, and go to state 87
    STAR      shift, and go to state 88
    DIV       shift, and go to state 89
    AND       shift, and go to state 90
    OR        shift, and go to state 91
    DOT       shift, and go to state 92
    LB        shift, and go to state 93

    $default  reduce using rule 44 (Dec)


状态 95

   42 DecList: Dec COMMA DecList .

    $default  reduce using rule 42 (DecList)


状态 96

   57 Exp: ID LP RP .

    $default  reduce using rule 57 (Exp)


状态 97

   45 Exp: Exp . ASSIGNOP Exp
   46    | Exp . AND Exp
   47    | Exp . OR Exp
   48    | Exp . RELOP Exp
   49    | Exp . PLUS Exp
   50    | Exp . MINUS Exp
   51    | Exp . STAR Exp
   52    | Exp . DIV Exp
   58    | Exp . LB Exp RB
   59    | Exp . DOT ID
   64    | Exp . LB error RB
   65 Args: Exp . COMMA Args
   66     | Exp .

    COMMA     shift, and go to state 115
    ASSIGNOP  shift, and go to state 84
    RELOP     shift, and go to state 85
    PLUS      shift, and go to state 86
    MINUS     shift, and go to state 87
    STAR      shift, and go to state 88
    DIV       shift, and go to state 89
    AND       shift, and go to state 90
    OR        shift, and go to state 91
    DOT       shift, and go to state 92
    LB        shift, and go to state 93

    $default  reduce using rule 66 (Args)


状态 98

   56 Exp: ID LP Args . RP

    RP  shift, and go to state 116


状态 99

   63 Exp: LP error RP .

    $default  reduce using rule 63 (Exp)


状态 100

   53 Exp: LP Exp RP .

    $default  reduce using rule 53 (Exp)


状态 101

   32 Stmt: RETURN Exp SEMI .

    $default  reduce using rule 32 (Stmt)


状态 102

   33 Stmt: IF LP Exp . RP Stmt
   34     | IF LP Exp . RP Stmt ELSE Stmt
   45 Exp: Exp . ASSIGNOP Exp
   46    | Exp . AND Exp
   47    | Exp . OR Exp
   48    | Exp . RELOP Exp
   49    | Exp . PLUS Exp
   50    | Exp . MINUS Exp
   51    | Exp . STAR Exp
   52    | Exp . DIV Exp
   58    | Exp . LB Exp RB
   59    | Exp . DOT ID
   64    | Exp . LB error RB

    ASSIGNOP  shift, and go to state 84
    RELOP     shift, and go to state 85
    PLUS      shift, and go to state 86
    MINUS     shift, and go to state 87
    STAR      shift, and go to state 88
    DIV       shift, and go to state 89
    AND       shift, and go to state 90
    OR        shift, and go to state 91
    DOT       shift, and go to state 92
    RP        shift, and go to state 117
    LB        shift, and go to state 93


状态 103

   35 Stmt: WHILE LP Exp . RP Stmt
   45 Exp: Exp . ASSIGNOP Exp
   46    | Exp . AND Exp
   47    | Exp . OR Exp
   48    | Exp . RELOP Exp
   49    | Exp . PLUS Exp
   50    | Exp . MINUS Exp
   51    | Exp . STAR Exp
   52    | Exp . DIV Exp
   58    | Exp . LB Exp RB
   59    | Exp . DOT ID
   64    | Exp . LB error RB

    ASSIGNOP  shift, and go to state 84
    RELOP     shift, and go to state 85
    PLUS      shift, and go to state 86
    MINUS     shift, and go to state 87
    STAR      shift, and go to state 88
    DIV       shift, and go to state 89
    AND       shift, and go to state 90
    OR        shift, and go to state 91
    DOT       shift, and go to state 92
    RP        shift, and go to state 118
    LB        shift, and go to state 93


状态 104

   45 Exp: Exp . ASSIGNOP Exp
   45    | Exp ASSIGNOP Exp .
   46    | Exp . AND Exp
   47    | Exp . OR Exp
   48    | Exp . RELOP Exp
   49    | Exp . PLUS Exp
   50    | Exp . MINUS Exp
   51    | Exp . STAR Exp
   52    | Exp . DIV Exp
   58    | Exp . LB Exp RB
   59    | Exp . DOT ID
   64    | Exp . LB error RB

    ASSIGNOP  shift, and go to state 84
    RELOP     shift, and go to state 85
    PLUS      shift, and go to state 86
    MINUS     shift, and go to state 87
    STAR      shift, and go to state 88
    DIV       shift, and go to state 89
    AND       shift, and go to state 90
    OR        shift, and go to state 91
    DOT       shift, and go to state 92
    LB        shift, and go to state 93

    $default  reduce using rule 45 (Exp)


状态 105

   45 Exp: Exp . ASSIGNOP Exp
   46    | Exp . AND Exp
   47    | Exp . OR Exp
   48    | Exp . RELOP Exp
   48    | Exp RELOP Exp .
   49    | Exp . PLUS Exp
   50    | Exp . MINUS Exp
   51    | Exp . STAR Exp
   52    | Exp . DIV Exp
   58    | Exp . LB Exp RB
   59    | Exp . DOT ID
   64    | Exp . LB error RB

    PLUS   shift, and go to state 86
    MINUS  shift, and go to state 87
    STAR   shift, and go to state 88
    DIV    shift, and go to state 89
    DOT    shift, and go to state 92
    LB     shift, and go to state 93

    $default  reduce using rule 48 (Exp)


状态 106

   45 Exp: Exp . ASSIGNOP Exp
   46    | Exp . AND Exp
   47    | Exp . OR Exp
   48    | Exp . RELOP Exp
   49    | Exp . PLUS Exp
   49    | Exp PLUS Exp .
   50    | Exp . MINUS Exp
   51    | Exp . STAR Exp
   52    | Exp . DIV Exp
   58    | Exp . LB Exp RB
   59    | Exp . DOT ID
   64    | Exp . LB error RB

    STAR  shift, and go to state 88
    DIV   shift, and go to state 89
    DOT   shift, and go to state 92
    LB    shift, and go to state 93

    $default  reduce using rule 49 (Exp)


状态 107

   45 Exp: Exp . ASSIGNOP Exp
   46    | Exp . AND Exp
   47    | Exp . OR Exp
   48    | Exp . RELOP Exp
   49    | Exp . PLUS Exp
   50    | Exp . MINUS Exp
   50    | Exp MINUS Exp .
   51    | Exp . STAR Exp
   52    | Exp . DIV Exp
   58    | Exp . LB Exp RB
   59    | Exp . DOT ID
   64    | Exp . LB error RB

    STAR  shift, and go to state 88
    DIV   shift, and go to state 89
    DOT   shift, and go to state 92
    LB    shift, and go to state 93

    $default  reduce using rule 50 (Exp)


状态 108

   45 Exp: Exp . ASSIGNOP Exp
   46    | Exp . AND Exp
   47    | Exp . OR Exp
   48    | Exp . RELOP Exp
   49    | Exp . PLUS Exp
   50    | Exp . MINUS Exp
   51    | Exp . STAR Exp
   51    | Exp STAR Exp .
   52    | Exp . DIV Exp
   58    | Exp . LB Exp RB
   59    | Exp . DOT ID
   64    | Exp . LB error RB

    DOT  shift, and go to state 92
    LB   shift, and go to state 93

    $default  reduce using rule 51 (Exp)


状态 109

   45 Exp: Exp . ASSIGNOP Exp
   46    | Exp . AND Exp
   47    | Exp . OR Exp
   48    | Exp . RELOP Exp
   49    | Exp . PLUS Exp
   50    | Exp . MINUS Exp
   51    | Exp . STAR Exp
   52    | Exp . DIV Exp
   52    | Exp DIV Exp .
   58    | Exp . LB Exp RB
   59    | Exp . DOT ID
   64    | Exp . LB error RB

    DOT  shift, and go to state 92
    LB   shift, and go to state 93

    $default  reduce using rule 52 (Exp)


状态 110

   45 Exp: Exp . ASSIGNOP Exp
   46    | Exp . AND Exp
   46    | Exp AND Exp .
   47    | Exp . OR Exp
   48    | Exp . RELOP Exp
   49    | Exp . PLUS Exp
   50    | Exp . MINUS Exp
   51    | Exp . STAR Exp
   52    | Exp . DIV Exp
   58    | Exp . LB Exp RB
   59    | Exp . DOT ID
   64    | Exp . LB error RB

    RELOP  shift, and go to state 85
    PLUS   shift, and go to state 86
    MINUS  shift, and go to state 87
    STAR   shift, and go to state 88
    DIV    shift, and go to state 89
    DOT    shift, and go to state 92
    LB     shift, and go to state 93

    $default  reduce using rule 46 (Exp)


状态 111

   45 Exp: Exp . ASSIGNOP Exp
   46    | Exp . AND Exp
   47    | Exp . OR Exp
   47    | Exp OR Exp .
   48    | Exp . RELOP Exp
   49    | Exp . PLUS Exp
   50    | Exp . MINUS Exp
   51    | Exp . STAR Exp
   52    | Exp . DIV Exp
   58    | Exp . LB Exp RB
   59    | Exp . DOT ID
   64    | Exp . LB error RB

    RELOP  shift, and go to state 85
    PLUS   shift, and go to state 86
    MINUS  shift, and go to state 87
    STAR   shift, and go to state 88
    DIV    shift, and go to state 89
    AND    shift, and go to state 90
    DOT    shift, and go to state 92
    LB     shift, and go to state 93

    $default  reduce using rule 47 (Exp)


状态 112

   59 Exp: Exp DOT ID .

    $default  reduce using rule 59 (Exp)


状态 113

   64 Exp: Exp LB error . RB

    RB  shift, and go to state 119


状态 114

   45 Exp: Exp . ASSIGNOP Exp
   46    | Exp . AND Exp
   47    | Exp . OR Exp
   48    | Exp . RELOP Exp
   49    | Exp . PLUS Exp
   50    | Exp . MINUS Exp
   51    | Exp . STAR Exp
   52    | Exp . DIV Exp
   58    | Exp . LB Exp RB
   58    | Exp LB Exp . RB
   59    | Exp . DOT ID
   64    | Exp . LB error RB

    ASSIGNOP  shift, and go to state 84
    RELOP     shift, and go to state 85
    PLUS      shift, and go to state 86
    MINUS     shift, and go to state 87
    STAR      shift, and go to state 88
    DIV       shift, and go to state 89
    AND       shift, and go to state 90
    OR        shift, and go to state 91
    DOT       shift, and go to state 92
    LB        shift, and go to state 93
    RB        shift, and go to state 120


状态 115

   65 Args: Exp COMMA . Args

    INT    shift, and go to state 54
    FLOAT  shift, and go to state 55
    ID     shift, and go to state 56
    MINUS  shift, and go to state 57
    NOT    shift, and go to state 58
    LP     shift, and go to state 59

    Exp   转到状态97
    Args  转到状态121


状态 116

   56 Exp: ID LP Args RP .

    $default  reduce using rule 56 (Exp)


状态 117

   33 Stmt: IF LP Exp RP . Stmt
   34     | IF LP Exp RP . Stmt ELSE Stmt

    error   shift, and go to state 53
    INT     shift, and go to state 54
    FLOAT   shift, and go to state 55
    ID      shift, and go to state 56
    MINUS   shift, and go to state 57
    NOT     shift, and go to state 58
    LP      shift, and go to state 59
    LC      shift, and go to state 29
    RETURN  shift, and go to state 60
    IF      shift, and go to state 61
    WHILE   shift, and go to state 62

    CompSt  转到状态63
    Stmt    转到状态122
    Exp     转到状态66


状态 118

   35 Stmt: WHILE LP Exp RP . Stmt

    error   shift, and go to state 53
    INT     shift, and go to state 54
    FLOAT   shift, and go to state 55
    ID      shift, and go to state 56
    MINUS   shift, and go to state 57
    NOT     shift, and go to state 58
    LP      shift, and go to state 59
    LC      shift, and go to state 29
    RETURN  shift, and go to state 60
    IF      shift, and go to state 61
    WHILE   shift, and go to state 62

    CompSt  转到状态63
    Stmt    转到状态123
    Exp     转到状态66


状态 119

   64 Exp: Exp LB error RB .

    $default  reduce using rule 64 (Exp)


状态 120

   58 Exp: Exp LB Exp RB .

    $default  reduce using rule 58 (Exp)


状态 121

   65 Args: Exp COMMA Args .

    $default  reduce using rule 65 (Args)


状态 122

   33 Stmt: IF LP Exp RP Stmt .
   34     | IF LP Exp RP Stmt . ELSE Stmt

    ELSE  shift, and go to state 124

    $default  reduce using rule 33 (Stmt)


状态 123

   35 Stmt: WHILE LP Exp RP Stmt .

    $default  reduce using rule 35 (Stmt)


状态 124

   34 Stmt: IF LP Exp RP Stmt ELSE . Stmt

    error   shift, and go to state 53
    INT     shift, and go to state 54
    FLOAT   shift, and go to state 55
    ID      shift, and go to state 56
    MINUS   shift, and go to state 57
    NOT     shift, and go to state 58
    LP      shift, and go to state 59
    LC      shift, and go to state 29
    RETURN  shift, and go to state 60
    IF      shift, and go to state 61
    WHILE   shift, and go to state 62

    CompSt  转到状态63
    Stmt    转到状态125
    Exp     转到状态66


状态 125

   34 Stmt: IF LP Exp RP Stmt ELSE Stmt .

    $default  reduce using rule 34 (Stmt)
